f:\programming - c++\visualstudio_workspace\ae_proof\ae_proof\debug\vc120.pdb
f:\programming - c++\visualstudio_workspace\ae_proof\ae_proof\debug\vc120.idb
f:\programming - c++\visualstudio_workspace\ae_proof\ae_proof\debug\herotwo.obj
f:\programming - c++\visualstudio_workspace\ae_proof\ae_proof\debug\inputinterface.obj
f:\programming - c++\visualstudio_workspace\ae_proof\ae_proof\debug\inputprotocol.obj
f:\programming - c++\visualstudio_workspace\ae_proof\ae_proof\debug\main.obj
f:\programming - c++\visualstudio_workspace\ae_proof\ae_proof\debug\map.obj
f:\programming - c++\visualstudio_workspace\ae_proof\ae_proof\debug\physicsengine.obj
f:\programming - c++\visualstudio_workspace\ae_proof\ae_proof\debug\player.obj
f:\programming - c++\visualstudio_workspace\ae_proof\ae_proof\debug\room.obj
f:\programming - c++\visualstudio_workspace\ae_proof\ae_proof\debug\screen.obj
f:\programming - c++\visualstudio_workspace\ae_proof\ae_proof\debug\sdlsystem.obj
f:\programming - c++\visualstudio_workspace\ae_proof\ae_proof\debug\sfxlibrary.obj
f:\programming - c++\visualstudio_workspace\ae_proof\ae_proof\debug\sprite.obj
f:\programming - c++\visualstudio_workspace\ae_proof\ae_proof\debug\spritelist.obj
f:\programming - c++\visualstudio_workspace\ae_proof\ae_proof\debug\textfield.obj
f:\programming - c++\visualstudio_workspace\ae_proof\ae_proof\debug\textlist.obj
f:\programming - c++\visualstudio_workspace\ae_proof\ae_proof\debug\textobject.obj
f:\programming - c++\visualstudio_workspace\ae_proof\ae_proof\debug\texturelist.obj
f:\programming - c++\visualstudio_workspace\ae_proof\ae_proof\debug\tile.obj
f:\programming - c++\visualstudio_workspace\ae_proof\ae_proof\debug\titlescreen.obj
f:\programming - c++\visualstudio_workspace\ae_proof\ae_proof\debug\entitylist.obj
f:\programming - c++\visualstudio_workspace\ae_proof\ae_proof\debug\audioplayer.obj
f:\programming - c++\visualstudio_workspace\ae_proof\ae_proof\debug\backgroundtile.obj
f:\programming - c++\visualstudio_workspace\ae_proof\ae_proof\debug\bulletbase.obj
f:\programming - c++\visualstudio_workspace\ae_proof\ae_proof\debug\enemyboss.obj
f:\programming - c++\visualstudio_workspace\ae_proof\ae_proof\debug\enemybullet.obj
f:\programming - c++\visualstudio_workspace\ae_proof\ae_proof\debug\enemyjet.obj
f:\programming - c++\visualstudio_workspace\ae_proof\ae_proof\debug\enemywalker.obj
f:\programming - c++\visualstudio_workspace\ae_proof\ae_proof\debug\entity.obj
f:\programming - c++\visualstudio_workspace\ae_proof\ae_proof\debug\fontloader.obj
f:\programming - c++\visualstudio_workspace\ae_proof\ae_proof\debug\formation.obj
f:\programming - c++\visualstudio_workspace\ae_proof\ae_proof\debug\game.obj
f:\programming - c++\visualstudio_workspace\ae_proof\ae_proof\debug\gamerect.obj
f:\programming - c++\visualstudio_workspace\ae_proof\ae_proof\debug\gametexture.obj
f:\programming - c++\visualstudio_workspace\ae_proof\ae_proof\debug\graphics.obj
f:\programming - c++\visualstudio_workspace\ae_proof\ae_proof\debug\herobase.obj
f:\programming - c++\visualstudio_workspace\ae_proof\ae_proof\debug\herobulletblade.obj
f:\programming - c++\visualstudio_workspace\ae_proof\ae_proof\debug\herobulletblast.obj
f:\programming - c++\visualstudio_workspace\ae_proof\ae_proof\debug\herobulletmain.obj
f:\programming - c++\visualstudio_workspace\ae_proof\ae_proof\debug\herobulletsecondary.obj
f:\programming - c++\visualstudio_workspace\ae_proof\ae_proof\debug\heroone.obj
f:\programming - c++\visualstudio_workspace\ae_proof\debug\ae_proof.ilk
f:\programming - c++\visualstudio_workspace\ae_proof\debug\ae_proof.exe
f:\programming - c++\visualstudio_workspace\ae_proof\debug\ae_proof.pdb
f:\programming - c++\visualstudio_workspace\ae_proof\ae_proof\debug\ae_proof.tlog\cl.command.1.tlog
f:\programming - c++\visualstudio_workspace\ae_proof\ae_proof\debug\ae_proof.tlog\cl.read.1.tlog
f:\programming - c++\visualstudio_workspace\ae_proof\ae_proof\debug\ae_proof.tlog\cl.write.1.tlog
f:\programming - c++\visualstudio_workspace\ae_proof\ae_proof\debug\ae_proof.tlog\link.command.1.tlog
f:\programming - c++\visualstudio_workspace\ae_proof\ae_proof\debug\ae_proof.tlog\link.read.1.tlog
f:\programming - c++\visualstudio_workspace\ae_proof\ae_proof\debug\ae_proof.tlog\link.write.1.tlog
