Build started 10/17/2014 4:00:49 AM.
     1>Project "F:\Programming - C++\visualstudio_workspace\ae_proof\ae_proof\ae_proof.vcxproj" on node 2 (Rebuild target(s)).
     1>ClCompile:
         C:\Program Files (x86)\Microsoft Visual Studio 12.0\VC\bin\CL.exe /c /Zi /nologo /W3 /WX- /sdl /O2 /Oi /Oy- /GL /D _MBCS /Gm- /EHsc /MD /GS /Gy /fp:precise /Zc:wchar_t /Zc:forScope /Fo"Release\\" /Fd"Release\vc120.pdb" /Gd /TP /analyze- /errorReport:prompt AudioPlayer.cpp BackgroundTile.cpp BulletBase.cpp EnemyBoss.cpp EnemyBullet.cpp EnemyJet.cpp EnemyWalker.cpp Entity.cpp FontLoader.cpp Formation.cpp Game.cpp GameRect.cpp GameTexture.cpp Graphics.cpp HeroBase.cpp HeroBulletBlade.cpp HeroBulletBlast.cpp HeroBulletMain.cpp HeroBulletSecondary.cpp HeroOne.cpp HeroTwo.cpp InputInterface.cpp InputProtocol.cpp Main.cpp Map.cpp PhysicsEngine.cpp Player.cpp Room.cpp Screen.cpp SDLSystem.cpp SFXLibrary.cpp Sprite.cpp SpriteList.cpp TextField.cpp TextList.cpp TextObject.cpp TextureList.cpp Tile.cpp TitleScreen.cpp EntityList.cpp
         AudioPlayer.cpp
         BackgroundTile.cpp
         BulletBase.cpp
         EnemyBoss.cpp
         EnemyBullet.cpp
     1>EnemyBullet.cpp(80): warning C4244: 'initializing' : conversion from 'int' to 'float', possible loss of data
     1>EnemyBullet.cpp(81): warning C4244: 'initializing' : conversion from 'int' to 'float', possible loss of data
         EnemyJet.cpp
         EnemyWalker.cpp
         Entity.cpp
         FontLoader.cpp
         Formation.cpp
         Game.cpp
         GameRect.cpp
         GameTexture.cpp
         Graphics.cpp
         HeroBase.cpp
         HeroBulletBlade.cpp
     1>HeroBulletBlade.cpp(55): warning C4244: '+=' : conversion from 'const double' to 'float', possible loss of data
         HeroBulletBlast.cpp
         HeroBulletMain.cpp
         HeroBulletSecondary.cpp
         HeroOne.cpp
         Compiling...
         HeroTwo.cpp
         InputInterface.cpp
         InputProtocol.cpp
         Main.cpp
         Map.cpp
         PhysicsEngine.cpp
         Player.cpp
         Room.cpp
         Screen.cpp
         SDLSystem.cpp
     1>SDLSystem.cpp(102): warning C4244: 'argument' : conversion from 'double' to 'float', possible loss of data
         SFXLibrary.cpp
         Sprite.cpp
         SpriteList.cpp
         TextField.cpp
         TextList.cpp
         TextObject.cpp
         TextureList.cpp
         Tile.cpp
         TitleScreen.cpp
         EntityList.cpp
       Link:
         C:\Program Files (x86)\Microsoft Visual Studio 12.0\VC\bin\link.exe /ERRORREPORT:PROMPT /OUT:"F:\Programming - C++\visualstudio_workspace\ae_proof\Release\ae_proof.exe" /NOLOGO SDL2.lib SDL2main.lib SDL2_mixer.lib SDL2_ttf.lib kernel32.lib user32.lib gdi32.lib winspool.lib comdlg32.lib advapi32.lib shell32.lib ole32.lib oleaut32.lib uuid.lib odbc32.lib odbccp32.lib /MANIFEST /MANIFESTUAC:"level='asInvoker' uiAccess='false'" /manifest:embed /DEBUG /PDB:"F:\Programming - C++\visualstudio_workspace\ae_proof\Release\ae_proof.pdb" /SUBSYSTEM:CONSOLE /OPT:REF /OPT:ICF /LTCG /TLBID:1 /DYNAMICBASE /NXCOMPAT /IMPLIB:"F:\Programming - C++\visualstudio_workspace\ae_proof\Release\ae_proof.lib" /MACHINE:X86 /SAFESEH Release\AudioPlayer.obj
         Release\BackgroundTile.obj
         Release\BulletBase.obj
         Release\EnemyBoss.obj
         Release\EnemyBullet.obj
         Release\EnemyJet.obj
         Release\EnemyWalker.obj
         Release\Entity.obj
         Release\FontLoader.obj
         Release\Formation.obj
         Release\Game.obj
         Release\GameRect.obj
         Release\GameTexture.obj
         Release\Graphics.obj
         Release\HeroBase.obj
         Release\HeroBulletBlade.obj
         Release\HeroBulletBlast.obj
         Release\HeroBulletMain.obj
         Release\HeroBulletSecondary.obj
         Release\HeroOne.obj
         Release\HeroTwo.obj
         Release\InputInterface.obj
         Release\InputProtocol.obj
         Release\Main.obj
         Release\Map.obj
         Release\PhysicsEngine.obj
         Release\Player.obj
         Release\Room.obj
         Release\Screen.obj
         Release\SDLSystem.obj
         Release\SFXLibrary.obj
         Release\Sprite.obj
         Release\SpriteList.obj
         Release\TextField.obj
         Release\TextList.obj
         Release\TextObject.obj
         Release\TextureList.obj
         Release\Tile.obj
         Release\TitleScreen.obj
         Release\EntityList.obj
         Generating code
         Finished generating code
         ae_proof.vcxproj -> F:\Programming - C++\visualstudio_workspace\ae_proof\Release\ae_proof.exe
     1>Done Building Project "F:\Programming - C++\visualstudio_workspace\ae_proof\ae_proof\ae_proof.vcxproj" (Rebuild target(s)).

Build succeeded.

Time Elapsed 00:00:14.15
