f:\programming - c++\visualstudio_workspace\ae_proof\ae_proof\release\vc120.pdb
f:\programming - c++\visualstudio_workspace\ae_proof\ae_proof\release\inputinterface.obj
f:\programming - c++\visualstudio_workspace\ae_proof\ae_proof\release\herotwo.obj
f:\programming - c++\visualstudio_workspace\ae_proof\ae_proof\release\heroone.obj
f:\programming - c++\visualstudio_workspace\ae_proof\ae_proof\release\herobulletsecondary.obj
f:\programming - c++\visualstudio_workspace\ae_proof\ae_proof\release\herobulletmain.obj
f:\programming - c++\visualstudio_workspace\ae_proof\ae_proof\release\herobulletblast.obj
f:\programming - c++\visualstudio_workspace\ae_proof\ae_proof\release\herobulletblade.obj
f:\programming - c++\visualstudio_workspace\ae_proof\ae_proof\release\herobase.obj
f:\programming - c++\visualstudio_workspace\ae_proof\ae_proof\release\graphics.obj
f:\programming - c++\visualstudio_workspace\ae_proof\ae_proof\release\gametexture.obj
f:\programming - c++\visualstudio_workspace\ae_proof\ae_proof\release\gamerect.obj
f:\programming - c++\visualstudio_workspace\ae_proof\ae_proof\release\game.obj
f:\programming - c++\visualstudio_workspace\ae_proof\ae_proof\release\formation.obj
f:\programming - c++\visualstudio_workspace\ae_proof\ae_proof\release\fontloader.obj
f:\programming - c++\visualstudio_workspace\ae_proof\ae_proof\release\entity.obj
f:\programming - c++\visualstudio_workspace\ae_proof\ae_proof\release\enemywalker.obj
f:\programming - c++\visualstudio_workspace\ae_proof\ae_proof\release\enemyjet.obj
f:\programming - c++\visualstudio_workspace\ae_proof\ae_proof\release\enemybullet.obj
f:\programming - c++\visualstudio_workspace\ae_proof\ae_proof\release\bulletbase.obj
f:\programming - c++\visualstudio_workspace\ae_proof\ae_proof\release\backgroundtile.obj
f:\programming - c++\visualstudio_workspace\ae_proof\ae_proof\release\entitylist.obj
f:\programming - c++\visualstudio_workspace\ae_proof\ae_proof\release\titlescreen.obj
f:\programming - c++\visualstudio_workspace\ae_proof\ae_proof\release\tile.obj
f:\programming - c++\visualstudio_workspace\ae_proof\ae_proof\release\texturelist.obj
f:\programming - c++\visualstudio_workspace\ae_proof\ae_proof\release\textobject.obj
f:\programming - c++\visualstudio_workspace\ae_proof\ae_proof\release\textlist.obj
f:\programming - c++\visualstudio_workspace\ae_proof\ae_proof\release\textfield.obj
f:\programming - c++\visualstudio_workspace\ae_proof\ae_proof\release\spritelist.obj
f:\programming - c++\visualstudio_workspace\ae_proof\ae_proof\release\sprite.obj
f:\programming - c++\visualstudio_workspace\ae_proof\ae_proof\release\sdlsystem.obj
f:\programming - c++\visualstudio_workspace\ae_proof\ae_proof\release\screen.obj
f:\programming - c++\visualstudio_workspace\ae_proof\ae_proof\release\room.obj
f:\programming - c++\visualstudio_workspace\ae_proof\ae_proof\release\player.obj
f:\programming - c++\visualstudio_workspace\ae_proof\ae_proof\release\physicsengine.obj
f:\programming - c++\visualstudio_workspace\ae_proof\ae_proof\release\map.obj
f:\programming - c++\visualstudio_workspace\ae_proof\ae_proof\release\main.obj
f:\programming - c++\visualstudio_workspace\ae_proof\ae_proof\release\inputprotocol.obj
f:\programming - c++\visualstudio_workspace\ae_proof\release\ae_proof.exe
f:\programming - c++\visualstudio_workspace\ae_proof\release\ae_proof.pdb
f:\programming - c++\visualstudio_workspace\ae_proof\ae_proof\release\ae_proof.tlog\cl.command.1.tlog
f:\programming - c++\visualstudio_workspace\ae_proof\ae_proof\release\ae_proof.tlog\cl.read.1.tlog
f:\programming - c++\visualstudio_workspace\ae_proof\ae_proof\release\ae_proof.tlog\cl.write.1.tlog
f:\programming - c++\visualstudio_workspace\ae_proof\ae_proof\release\ae_proof.tlog\link.command.1.tlog
f:\programming - c++\visualstudio_workspace\ae_proof\ae_proof\release\ae_proof.tlog\link.read.1.tlog
f:\programming - c++\visualstudio_workspace\ae_proof\ae_proof\release\ae_proof.tlog\link.write.1.tlog
